This is pdfTeX, Version 3.14159265-2.6-1.40.21 (MiKTeX 2.9.7440 64-bit) (preloaded format=pdflatex 2020.6.8)  4 AUG 2020 22:57
entering extended mode
**./macrosblog.tex
(macrosblog.tex
LaTeX2e <2020-02-02> patch level 5
L3 programming layer <2020-06-03>

! LaTeX Error: \usepackage before \documentclass.

See the LaTeX manual or LaTeX Companion for explanation.
Type  H <return>  for immediate help.
 ...                                              
                                                  
l.11 \usepackage{
                 ulem}
\usepackage may only appear in the document preamble, i.e.,
between \documentclass and \begin{document}.

\c@exercise=\count167
\c@theorem=\count168
\c@example=\count169
)
! Emergency stop.
<*> ./macrosblog.tex
                    
*** (job aborted, no legal \end found)

 
Here is how much of TeX's memory you used:
 90 strings out of 480797
 998 string characters out of 2905353
 238765 words of memory out of 3000000
 16195 multiletter control sequences out of 15000+200000
 532338 words of font info for 24 fonts, out of 3000000 for 9000
 1141 hyphenation exceptions out of 8191
 12i,0n,15p,122b,14s stack positions out of 5000i,500n,10000p,200000b,50000s
!  ==> Fatal error occurred, no output PDF file produced!
